MainThread 2026-02-28 23:19:34,882 - INFO - Main Thread: Connected to server on port ports['get_key'].
Thread-2 (connect_and_receive) 2026-02-28 23:19:34,887 - INFO - Thread-65432: Successfully connected to localhost:65432.
Thread-2 (connect_and_receive) 2026-02-28 23:19:34,888 - INFO - Thread-65432: Received data: 331
Thread-3 (connect_and_receive) 2026-02-28 23:19:34,889 - INFO - Thread-65433: Successfully connected to localhost:65433.
Thread-3 (connect_and_receive) 2026-02-28 23:19:34,889 - INFO - Thread-65433: Received data: 0
MainThread 2026-02-28 23:19:34,959 - INFO - Received from port ports['get_key']: 245
MainThread 2026-02-28 23:19:34,959 - INFO - Received from port ports['get_key']: {"key_code": "0x0D", "key_name": "return", "key": "return", "status": "Up", "pressed_keys": "", "option": ["return"], "blocked": "No blocked", "isInjected": "Physical", "layout": {"Name": "English", "HKL": "0x0000000004090409", "ID": "0x0409"}}
Thread-4 (connect_and_receive) 2026-02-28 23:19:35,890 - INFO - Thread-65432: Successfully connected to localhost:65432.
Thread-4 (connect_and_receive) 2026-02-28 23:19:35,891 - INFO - Thread-65432: Received data: 331
Thread-5 (connect_and_receive) 2026-02-28 23:19:35,892 - INFO - Thread-65433: Successfully connected to localhost:65433.
Thread-5 (connect_and_receive) 2026-02-28 23:19:35,892 - INFO - Thread-65433: Received data: 0
Thread-6 (connect_and_receive) 2026-02-28 23:19:36,893 - INFO - Thread-65432: Successfully connected to localhost:65432.
Thread-6 (connect_and_receive) 2026-02-28 23:19:36,894 - INFO - Thread-65432: Received data: 331
Thread-7 (connect_and_receive) 2026-02-28 23:19:36,895 - INFO - Thread-65433: Successfully connected to localhost:65433.
Thread-7 (connect_and_receive) 2026-02-28 23:19:36,895 - INFO - Thread-65433: Received data: 0
Thread-8 (connect_and_receive) 2026-02-28 23:19:37,896 - INFO - Thread-65432: Successfully connected to localhost:65432.
Thread-8 (connect_and_receive) 2026-02-28 23:19:37,897 - INFO - Thread-65432: Received data: 331
Thread-9 (connect_and_receive) 2026-02-28 23:19:37,897 - INFO - Thread-65433: Successfully connected to localhost:65433.
Thread-9 (connect_and_receive) 2026-02-28 23:19:37,897 - INFO - Thread-65433: Received data: 0
Thread-10 (connect_and_receive) 2026-02-28 23:19:38,899 - INFO - Thread-65432: Successfully connected to localhost:65432.
Thread-10 (connect_and_receive) 2026-02-28 23:19:38,899 - INFO - Thread-65432: Received data: 331
Thread-11 (connect_and_receive) 2026-02-28 23:19:38,900 - INFO - Thread-65433: Successfully connected to localhost:65433.
Thread-11 (connect_and_receive) 2026-02-28 23:19:38,900 - INFO - Thread-65433: Received data: 0
MainThread 2026-02-28 23:19:39,847 - INFO - Received from port ports['get_key']: 236
MainThread 2026-02-28 23:19:39,847 - INFO - Received from port ports['get_key']: {"key_code": "0xA2", "key_name": "left_ctrl", "key": "", "status": "Down", "pressed_keys": "", "option": [], "blocked": "No blocked", "isInjected": "Physical", "layout": {"Name": "English", "HKL": "0x0000000004090409", "ID": "0x0409"}}
Thread-12 (connect_and_receive) 2026-02-28 23:19:39,902 - INFO - Thread-65432: Successfully connected to localhost:65432.
Thread-12 (connect_and_receive) 2026-02-28 23:19:39,902 - INFO - Thread-65432: Received data: 331
Thread-13 (connect_and_receive) 2026-02-28 23:19:39,903 - INFO - Thread-65433: Successfully connected to localhost:65433.
Thread-13 (connect_and_receive) 2026-02-28 23:19:39,903 - INFO - Thread-65433: Received data: 0
MainThread 2026-02-28 23:19:40,340 - INFO - Received from port ports['get_key']: 270
MainThread 2026-02-28 23:19:40,340 - INFO - Received from port ports['get_key']: {"key_code": "0xA2", "key_name": "left_ctrl", "key": "", "status": "Down", "pressed_keys": "", "option": ["left_ctrl+ctrl", "ctrl+left_ctrl"], "blocked": "No blocked", "isInjected": "Physical", "layout": {"Name": "English", "HKL": "0x0000000004090409", "ID": "0x0409"}}
MainThread 2026-02-28 23:19:40,373 - INFO - Received from port ports['get_key']: 270
MainThread 2026-02-28 23:19:40,373 - INFO - Received from port ports['get_key']: {"key_code": "0xA2", "key_name": "left_ctrl", "key": "", "status": "Down", "pressed_keys": "", "option": ["left_ctrl+ctrl", "ctrl+left_ctrl"], "blocked": "No blocked", "isInjected": "Physical", "layout": {"Name": "English", "HKL": "0x0000000004090409", "ID": "0x0409"}}
MainThread 2026-02-28 23:19:40,405 - INFO - Received from port ports['get_key']: 270
MainThread 2026-02-28 23:19:40,405 - INFO - Received from port ports['get_key']: {"key_code": "0xA2", "key_name": "left_ctrl", "key": "", "status": "Down", "pressed_keys": "", "option": ["left_ctrl+ctrl", "ctrl+left_ctrl"], "blocked": "No blocked", "isInjected": "Physical", "layout": {"Name": "English", "HKL": "0x0000000004090409", "ID": "0x0409"}}
MainThread 2026-02-28 23:19:40,441 - INFO - Received from port ports['get_key']: 270
MainThread 2026-02-28 23:19:40,441 - INFO - Received from port ports['get_key']: {"key_code": "0xA2", "key_name": "left_ctrl", "key": "", "status": "Down", "pressed_keys": "", "option": ["left_ctrl+ctrl", "ctrl+left_ctrl"], "blocked": "No blocked", "isInjected": "Physical", "layout": {"Name": "English", "HKL": "0x0000000004090409", "ID": "0x0409"}}
MainThread 2026-02-28 23:19:40,472 - INFO - Received from port ports['get_key']: 270
MainThread 2026-02-28 23:19:40,473 - INFO - Received from port ports['get_key']: {"key_code": "0xA2", "key_name": "left_ctrl", "key": "", "status": "Down", "pressed_keys": "", "option": ["left_ctrl+ctrl", "ctrl+left_ctrl"], "blocked": "No blocked", "isInjected": "Physical", "layout": {"Name": "English", "HKL": "0x0000000004090409", "ID": "0x0409"}}
MainThread 2026-02-28 23:19:40,505 - INFO - Received from port ports['get_key']: 270
MainThread 2026-02-28 23:19:40,505 - INFO - Received from port ports['get_key']: {"key_code": "0xA2", "key_name": "left_ctrl", "key": "", "status": "Down", "pressed_keys": "", "option": ["left_ctrl+ctrl", "ctrl+left_ctrl"], "blocked": "No blocked", "isInjected": "Physical", "layout": {"Name": "English", "HKL": "0x0000000004090409", "ID": "0x0409"}}
MainThread 2026-02-28 23:19:40,536 - INFO - Received from port ports['get_key']: 270
MainThread 2026-02-28 23:19:40,536 - INFO - Received from port ports['get_key']: {"key_code": "0xA2", "key_name": "left_ctrl", "key": "", "status": "Down", "pressed_keys": "", "option": ["left_ctrl+ctrl", "ctrl+left_ctrl"], "blocked": "No blocked", "isInjected": "Physical", "layout": {"Name": "English", "HKL": "0x0000000004090409", "ID": "0x0409"}}
MainThread 2026-02-28 23:19:40,567 - INFO - Received from port ports['get_key']: 270
MainThread 2026-02-28 23:19:40,567 - INFO - Received from port ports['get_key']: {"key_code": "0xA2", "key_name": "left_ctrl", "key": "", "status": "Down", "pressed_keys": "", "option": ["left_ctrl+ctrl", "ctrl+left_ctrl"], "blocked": "No blocked", "isInjected": "Physical", "layout": {"Name": "English", "HKL": "0x0000000004090409", "ID": "0x0409"}}
MainThread 2026-02-28 23:19:40,614 - INFO - Received from port ports['get_key']: 270
MainThread 2026-02-28 23:19:40,615 - INFO - Received from port ports['get_key']: {"key_code": "0xA2", "key_name": "left_ctrl", "key": "", "status": "Down", "pressed_keys": "", "option": ["left_ctrl+ctrl", "ctrl+left_ctrl"], "blocked": "No blocked", "isInjected": "Physical", "layout": {"Name": "English", "HKL": "0x0000000004090409", "ID": "0x0409"}}
MainThread 2026-02-28 23:19:40,616 - INFO - Received from port ports['get_key']: 275
MainThread 2026-02-28 23:19:40,616 - INFO - Received from port ports['get_key']: {"key_code": "0x43", "key_name": "c", "key": "\u0003", "status": "Down", "pressed_keys": "", "option": ["ctrl+left_ctrl", "ctrl+c", "left_ctrl+c"], "blocked": "No blocked", "isInjected": "Physical", "layout": {"Name": "English", "HKL": "0x0000000004090409", "ID": "0x0409"}}
Thread-14 (connect_and_receive) 2026-02-28 23:19:40,904 - INFO - Thread-65432: Successfully connected to localhost:65432.
Thread-14 (connect_and_receive) 2026-02-28 23:19:40,905 - INFO - Thread-65432: Received data: 331
Thread-15 (connect_and_receive) 2026-02-28 23:19:40,905 - INFO - Thread-65433: Successfully connected to localhost:65433.
Thread-15 (connect_and_receive) 2026-02-28 23:19:40,906 - INFO - Thread-65433: Received data: 0
